<?xml version="1.0" encoding="UTF-8"?>
<testng-results ignored="0" total="5" passed="5" failed="0" skipped="0">
  <reporter-output>
  </reporter-output>
  <suite started-at="2023-10-04T13:19:40 NPT" name="MyTestSuite" finished-at="2023-10-04T13:19:41 NPT" duration-ms="264">
    <groups>
    </groups>
    <test started-at="2023-10-04T13:19:40 NPT" name="java" finished-at="2023-10-04T13:19:40 NPT" duration-ms="15">
      <class name="TestNG.Tut1">
        <test-method signature="comeHome()[pri:0, instance:TestNG.Tut1@7a52f2a2]" started-at="2023-10-04T13:19:40 NPT" name="comeHome" finished-at="2023-10-04T13:19:40 NPT" duration-ms="0" status="PASS">
          <reporter-output>
          </reporter-output>
        </test-method> <!-- comeHome -->
        <test-method signature="goHome()[pri:0, instance:TestNG.Tut1@7a52f2a2]" started-at="2023-10-04T13:19:40 NPT" name="goHome" finished-at="2023-10-04T13:19:40 NPT" duration-ms="0" status="PASS">
          <reporter-output>
          </reporter-output>
        </test-method> <!-- goHome -->
        <test-method signature="donotComeHome()[pri:0, instance:TestNG.Tut1@7a52f2a2]" started-at="2023-10-04T13:19:40 NPT" name="donotComeHome" finished-at="2023-10-04T13:19:40 NPT" duration-ms="0" status="PASS">
          <reporter-output>
          </reporter-output>
        </test-method> <!-- donotComeHome -->
      </class> <!-- TestNG.Tut1 -->
      <class name="TestNG.Tut">
        <test-method signature="Demo()[pri:0, instance:TestNG.Tut@5e4c8041]" started-at="2023-10-04T13:19:40 NPT" name="Demo" finished-at="2023-10-04T13:19:40 NPT" duration-ms="1" status="PASS">
          <reporter-output>
          </reporter-output>
        </test-method> <!-- Demo -->
      </class> <!-- TestNG.Tut -->
    </test> <!-- java -->
    <test started-at="2023-10-04T13:19:41 NPT" name="java1" finished-at="2023-10-04T13:19:41 NPT" duration-ms="1">
      <class name="TestNG.Tut2">
        <test-method signature="isPass()[pri:0, instance:TestNG.Tut2@79efed2d]" started-at="2023-10-04T13:19:41 NPT" name="isPass" finished-at="2023-10-04T13:19:41 NPT" duration-ms="0" status="PASS">
          <reporter-output>
          </reporter-output>
        </test-method> <!-- isPass -->
      </class> <!-- TestNG.Tut2 -->
    </test> <!-- java1 -->
  </suite> <!-- MyTestSuite -->
</testng-results>
