<?xml version="1.0" encoding="UTF-8"?>
<!-- Generated by org.testng.reporters.JUnitXMLReporter -->
<testsuite ignored="0" hostname="DJ-AJ.local" failures="0" tests="6" name="java" time="0.017" errors="0" timestamp="2023-10-06T13:39:34 NPT">
  <testcase classname="TestNG.Tut" name="Demo" time="0.001"/>
  <testcase classname="TestNG.Tut1" name="comeHome" time="0.0"/>
  <testcase classname="TestNG.Tut1" name="donotComeHome" time="0.0"/>
  <testcase classname="TestNG.Tut1" name="donotComeHome" time="0.0"/>
  <testcase classname="TestNG.Tut1" name="donotComeHome" time="0.0"/>
  <testcase classname="TestNG.Tut1" name="goHome" time="0.0"/>
</testsuite> <!-- java -->
